Build started 13-05-2013 10:14:33.
     1>Project "C:\Users\Cunha\Documents\Visual Studio 2012\Projects\github_associated\Puzzle-Buble\cg_framework\cg_framework.vcxproj" on node 2 (Build target(s)).
     1>ClCompile:
         C:\Program Files (x86)\Microsoft Visual Studio 11.0\VC\bin\CL.exe /c /I"..\external libs\glew\include" /I"..\external libs\FreeImage\Dist" /I"..\external libs\freeglut\include" /I"..\external libs\glm" /Zi /nologo /W3 /WX- /O2 /Oi /Oy- /GL /D WIN32 /D NDEBUG /D _WINDOWS /D _UNICODE /D UNICODE /Gm- /EHsc /MD /GS /Gy /fp:precise /Zc:wchar_t /Zc:forScope /Fo"Release\\" /Fd"Release\vc110.pdb" /Gd /TP /analyze- /errorReport:prompt display.cpp main.cpp
         display.cpp
     1>c:\users\cunha\documents\visual studio 2012\projects\github_associated\puzzle-buble\cg_framework\main.h(8): error C2065: 'fall_ball' : undeclared identifier
     1>c:\users\cunha\documents\visual studio 2012\projects\github_associated\puzzle-buble\cg_framework\main.h(8): error C2923: 'std::vector' : 'fall_ball' is not a valid template type argument for parameter '_Ty'
         main.cpp
     1>c:\users\cunha\documents\visual studio 2012\projects\github_associated\puzzle-buble\cg_framework\main.h(8): error C2065: 'fall_ball' : undeclared identifier
     1>c:\users\cunha\documents\visual studio 2012\projects\github_associated\puzzle-buble\cg_framework\main.h(8): error C2923: 'std::vector' : 'fall_ball' is not a valid template type argument for parameter '_Ty'
     1>Done Building Project "C:\Users\Cunha\Documents\Visual Studio 2012\Projects\github_associated\Puzzle-Buble\cg_framework\cg_framework.vcxproj" (Build target(s)) -- FAILED.

Build FAILED.

Time Elapsed 00:00:03.27
